TN:
SF:app.js
FNF:0
FNH:0
DA:1,2
DA:2,2
DA:4,2
DA:5,2
DA:6,2
DA:7,2
DA:9,2
DA:10,2
DA:11,2
DA:13,2
DA:15,2
DA:16,2
DA:17,2
DA:19,2
DA:20,2
DA:21,2
DA:22,2
DA:24,2
LF:18
LH:18
BRF:0
BRH:0
end_of_record
TN:
SF:controllers/auth.controller.js
FN:5,(anonymous_0)
FN:41,(anonymous_1)
FNF:2
FNH:0
FNDA:0,(anonymous_0)
FNDA:0,(anonymous_1)
DA:1,2
DA:2,2
DA:3,2
DA:5,2
DA:6,0
DA:7,0
DA:8,0
DA:10,0
DA:12,0
DA:14,0
DA:15,0
DA:17,0
DA:18,0
DA:21,0
DA:23,0
DA:29,0
DA:31,0
DA:33,0
DA:35,0
DA:37,0
DA:41,2
DA:42,0
DA:44,0
DA:45,0
DA:46,0
DA:47,0
DA:50,0
DA:51,0
DA:52,0
DA:55,0
DA:57,0
DA:67,0
LF:32
LH:5
BRDA:14,0,0,0
BRDA:14,0,1,0
BRDA:14,1,0,0
BRDA:14,1,1,0
BRDA:14,1,2,0
BRDA:17,2,0,0
BRDA:17,2,1,0
BRDA:46,3,0,0
BRDA:46,3,1,0
BRDA:51,4,0,0
BRDA:51,4,1,0
BRF:11
BRH:0
end_of_record
TN:
SF:controllers/menu.controller.js
FN:3,(anonymous_0)
FN:24,(anonymous_1)
FN:39,(anonymous_2)
FN:60,(anonymous_3)
FN:86,(anonymous_4)
FNF:5
FNH:0
FNDA:0,(anonymous_0)
FNDA:0,(anonymous_1)
FNDA:0,(anonymous_2)
FNDA:0,(anonymous_3)
FNDA:0,(anonymous_4)
DA:1,2
DA:3,2
DA:4,0
DA:5,0
DA:7,0
DA:15,0
DA:18,0
DA:24,2
DA:25,0
DA:26,0
DA:30,0
DA:33,0
DA:39,2
DA:40,0
DA:41,0
DA:43,0
DA:45,0
DA:46,0
DA:51,0
DA:54,0
DA:60,2
DA:61,0
DA:62,0
DA:63,0
DA:65,0
DA:71,0
DA:72,0
DA:77,0
DA:80,0
DA:86,2
DA:87,0
DA:88,0
DA:90,0
DA:92,0
DA:93,0
DA:98,0
DA:103,0
LF:37
LH:6
BRDA:45,0,0,0
BRDA:45,0,1,0
BRDA:71,1,0,0
BRDA:71,1,1,0
BRDA:92,2,0,0
BRDA:92,2,1,0
BRF:6
BRH:0
end_of_record
TN:
SF:controllers/order.controller.js
FN:3,(anonymous_0)
FN:22,(anonymous_1)
FN:38,(anonymous_2)
FN:60,(anonymous_3)
FN:86,(anonymous_4)
FNF:5
FNH:0
FNDA:0,(anonymous_0)
FNDA:0,(anonymous_1)
FNDA:0,(anonymous_2)
FNDA:0,(anonymous_3)
FNDA:0,(anonymous_4)
DA:1,2
DA:3,2
DA:4,0
DA:5,0
DA:6,0
DA:8,0
DA:14,0
DA:16,0
DA:22,2
DA:23,0
DA:24,0
DA:29,0
DA:32,0
DA:38,2
DA:39,0
DA:40,0
DA:42,0
DA:45,0
DA:46,0
DA:51,0
DA:54,0
DA:60,2
DA:61,0
DA:62,0
DA:63,0
DA:65,0
DA:71,0
DA:72,0
DA:77,0
DA:80,0
DA:86,2
DA:87,0
DA:88,0
DA:90,0
DA:92,0
DA:93,0
DA:98,0
DA:103,0
LF:38
LH:6
BRDA:45,0,0,0
BRDA:45,0,1,0
BRDA:71,1,0,0
BRDA:71,1,1,0
BRDA:92,2,0,0
BRDA:92,2,1,0
BRF:6
BRH:0
end_of_record
TN:
SF:controllers/product.controller.js
FN:3,(anonymous_0)
FN:23,(anonymous_1)
FN:38,(anonymous_2)
FN:59,(anonymous_3)
FN:85,(anonymous_4)
FNF:5
FNH:5
FNDA:2,(anonymous_0)
FNDA:1,(anonymous_1)
FNDA:2,(anonymous_2)
FNDA:2,(anonymous_3)
FNDA:2,(anonymous_4)
DA:1,2
DA:3,2
DA:4,2
DA:5,2
DA:7,2
DA:14,2
DA:17,0
DA:23,2
DA:24,1
DA:25,1
DA:29,1
DA:32,0
DA:38,2
DA:39,2
DA:40,2
DA:42,2
DA:44,2
DA:45,1
DA:50,1
DA:53,0
DA:59,2
DA:60,2
DA:61,2
DA:62,2
DA:64,2
DA:70,2
DA:71,1
DA:76,1
DA:79,0
DA:85,2
DA:86,2
DA:87,2
DA:89,2
DA:91,2
DA:92,1
DA:97,1
DA:102,0
LF:37
LH:32
BRDA:44,0,0,1
BRDA:44,0,1,1
BRDA:70,1,0,1
BRDA:70,1,1,1
BRDA:91,2,0,1
BRDA:91,2,1,1
BRF:6
BRH:6
end_of_record
TN:
SF:middlewares/auth.middlewares.js
FN:3,(anonymous_0)
FNF:1
FNH:1
FNDA:1,(anonymous_0)
DA:1,2
DA:3,2
DA:4,1
DA:5,1
DA:7,1
DA:8,1
DA:13,0
DA:15,0
DA:16,0
DA:21,0
DA:23,0
DA:25,0
DA:28,0
LF:13
LH:6
BRDA:7,0,0,1
BRDA:7,0,1,0
BRDA:15,1,0,0
BRDA:15,1,1,0
BRF:4
BRH:1
end_of_record
TN:
SF:middlewares/role.middlewares.js
FN:1,(anonymous_0)
FN:2,(anonymous_1)
FNF:2
FNH:1
FNDA:12,(anonymous_0)
FNDA:0,(anonymous_1)
DA:1,2
DA:2,12
DA:4,0
DA:5,0
DA:10,0
DA:11,0
DA:16,0
DA:20,2
LF:8
LH:3
BRDA:4,0,0,0
BRDA:4,0,1,0
BRDA:10,1,0,0
BRDA:10,1,1,0
BRF:4
BRH:0
end_of_record
TN:
SF:models/menu.model.js
FNF:0
FNH:0
DA:1,2
DA:3,2
DA:11,2
DA:13,2
LF:4
LH:4
BRF:0
BRH:0
end_of_record
TN:
SF:models/order.model.js
FNF:0
FNH:0
DA:1,2
DA:3,2
DA:11,2
DA:14,2
LF:4
LH:4
BRF:0
BRH:0
end_of_record
TN:
SF:models/product.model.js
FNF:0
FNH:0
DA:1,2
DA:3,2
DA:10,2
DA:12,2
LF:4
LH:4
BRF:0
BRH:0
end_of_record
TN:
SF:models/user.models.js
FNF:0
FNH:0
DA:1,2
DA:3,2
DA:12,2
DA:14,2
LF:4
LH:4
BRF:0
BRH:0
end_of_record
TN:
SF:route/menu.route.js
FNF:0
FNH:0
DA:1,2
DA:2,2
DA:4,2
DA:6,2
DA:8,2
DA:10,2
DA:12,2
DA:14,2
DA:16,2
LF:9
LH:9
BRF:0
BRH:0
end_of_record
TN:
SF:route/order.route.js
FNF:0
FNH:0
DA:1,2
DA:3,2
DA:5,2
DA:6,2
DA:7,2
DA:9,2
DA:11,2
DA:13,2
DA:15,2
DA:17,2
DA:19,2
LF:11
LH:11
BRF:0
BRH:0
end_of_record
TN:
SF:route/product.route.js
FNF:0
FNH:0
DA:1,2
DA:2,2
DA:4,2
DA:6,2
DA:8,2
DA:10,2
DA:12,2
DA:14,2
DA:16,2
LF:9
LH:9
BRF:0
BRH:0
end_of_record
TN:
SF:route/user.route.js
FN:17,(anonymous_0)
FNF:1
FNH:0
FNDA:0,(anonymous_0)
DA:1,2
DA:3,2
DA:5,2
DA:7,2
DA:9,2
DA:11,2
DA:13,2
DA:15,2
DA:17,2
DA:18,0
DA:19,0
DA:21,0
DA:24,0
DA:30,2
LF:14
LH:10
BRF:0
BRH:0
end_of_record
